<?xml version="1.0" encoding="UTF-8"?>
<testng-results ignored="0" total="4" passed="4" failed="0" skipped="0">
  <reporter-output>
  </reporter-output>
  <suite started-at="2020-01-08T08:12:38 IST" name="Challenge Suite" finished-at="2020-01-08T08:14:15 IST" duration-ms="97784">
    <groups>
    </groups>
    <test started-at="2020-01-08T08:12:38 IST" name="Marvel Test" finished-at="2020-01-08T08:14:15 IST" duration-ms="97784">
      <class name="com.marvel.tests.StoryTest">
        <test-method is-config="true" signature="setup()[pri:0, instance:com.marvel.tests.StoryTest@d6e7bab]" started-at="2020-01-08T08:13:05 IST" name="setup" finished-at="2020-01-08T08:13:05 IST" duration-ms="0" status="PASS">
          <reporter-output>
          </reporter-output>
        </test-method> <!-- setup -->
        <test-method signature="readCharactersofstories()[pri:0, instance:com.marvel.tests.StoryTest@d6e7bab]" started-at="2020-01-08T08:13:05 IST" name="readCharactersofstories" finished-at="2020-01-08T08:14:15 IST" duration-ms="69978" status="PASS">
          <reporter-output>
          </reporter-output>
        </test-method> <!-- readCharactersofstories -->
      </class> <!-- com.marvel.tests.StoryTest -->
      <class name="com.marvel.tests.EventsTest">
        <test-method is-config="true" signature="setup()[pri:0, instance:com.marvel.tests.EventsTest@3315d2d7]" started-at="2020-01-08T08:12:59 IST" name="setup" finished-at="2020-01-08T08:12:59 IST" duration-ms="1" status="PASS">
          <reporter-output>
          </reporter-output>
        </test-method> <!-- setup -->
        <test-method signature="readCharactersofEvents()[pri:0, instance:com.marvel.tests.EventsTest@3315d2d7]" started-at="2020-01-08T08:12:59 IST" name="readCharactersofEvents" finished-at="2020-01-08T08:13:05 IST" duration-ms="6287" status="PASS">
          <reporter-output>
          </reporter-output>
        </test-method> <!-- readCharactersofEvents -->
      </class> <!-- com.marvel.tests.EventsTest -->
      <class name="com.marvel.tests.Charactertest">
        <test-method is-config="true" signature="setup()[pri:0, instance:com.marvel.tests.Charactertest@29647f75]" started-at="2020-01-08T08:12:38 IST" name="setup" finished-at="2020-01-08T08:12:38 IST" duration-ms="462" status="PASS">
          <reporter-output>
          </reporter-output>
        </test-method> <!-- setup -->
        <test-method signature="readCharacters()[pri:0, instance:com.marvel.tests.Charactertest@29647f75]" started-at="2020-01-08T08:12:38 IST" name="readCharacters" finished-at="2020-01-08T08:12:48 IST" duration-ms="9524" status="PASS">
          <reporter-output>
          </reporter-output>
        </test-method> <!-- readCharacters -->
        <test-method signature="readSeries()[pri:0, instance:com.marvel.tests.Charactertest@29647f75]" started-at="2020-01-08T08:12:48 IST" name="readSeries" finished-at="2020-01-08T08:12:59 IST" depends-on-methods="com.marvel.tests.Charactertest.readCharacters" duration-ms="11488" status="PASS">
          <reporter-output>
          </reporter-output>
        </test-method> <!-- readSeries -->
      </class> <!-- com.marvel.tests.Charactertest -->
    </test> <!-- Marvel Test -->
  </suite> <!-- Challenge Suite -->
</testng-results>
